<?xml version="1.0" encoding="UTF-8"?>
<!-- Generated by org.testng.reporters.JUnitXMLReporter -->
<testsuite hostname="user-PC" name="Social_Media_Mail" tests="3" failures="0" timestamp="26 Apr 2018 11:38:39 GMT" time="643.524" errors="0">
  <testcase name="verify_Media_account" time="187.246" classname="module_combine.Verify_Media_with_Reports"/>
  <testcase name="verify_Outlook_login" time="211.888" classname="module_combine.Verify_Mails_with_Reports"/>
  <testcase name="socialsynctag" time="183.877" classname="module_combine.Social_addaccoounts"/>
</testsuite> <!-- Social_Media_Mail -->
