<?xml version="1.0" encoding="UTF-8"?>
<!-- Generated by org.testng.reporters.JUnitXMLReporter -->
<testsuite hostname="user-PC" ignored="0" name="Default test" tests="2" failures="0" timestamp="16 Aug 2018 14:35:19 GMT" time="146.3" errors="0">
  <testcase name="logintosynctag" time="26.43" classname="testcase_After_account_added.Social_after_added_Accounts"/>
  <testcase name="xlporer" time="107.435" classname="testcase_After_account_added.Social_after_added_Accounts"/>
</testsuite> <!-- Default test -->
