<?xml version="1.0" encoding="UTF-8"?>
<!-- Generated by org.testng.reporters.JUnitXMLReporter -->
<testsuite hostname="user-PC" ignored="0" name="Default test" tests="7" failures="0" timestamp="25 Sep 2018 13:26:46 GMT" time="272.704" errors="0">
  <testcase name="verify_Media_account" time="26.949" classname="testcase_media.Verify_Media_with_Reports"/>
  <testcase name="Moving_Media_module" time="42.843" classname="testcase_media.Verify_Media_with_Reports"/>
  <testcase name="add_youtube_account" time="52.123" classname="testcase_media.Verify_Media_with_Reports"/>
  <testcase name="add_dailymotions_account" time="32.51" classname="testcase_media.Verify_Media_with_Reports"/>
  <testcase name="add_vime0_account" time="36.091" classname="testcase_media.Verify_Media_with_Reports"/>
  <testcase name="add_soundcloud_account" time="42.549" classname="testcase_media.Verify_Media_with_Reports"/>
  <testcase name="UserfeedsFeeds_account" time="20.089" classname="testcase_media.Verify_Media_with_Reports"/>
</testsuite> <!-- Default test -->
