<?xml version="1.0" encoding="UTF-8"?>
<!-- Generated by org.testng.reporters.JUnitXMLReporter -->
<testsuite hostname="user-PC" ignored="0" name="Default test" tests="6" failures="0" timestamp="20 Sep 2018 12:28:01 GMT" time="494.162" errors="0">
  <testcase name="logintosynctag" time="30.071" classname="testcase_After_account_added.Social_BusinessMode"/>
  <testcase name="BusinessTimeline" time="248.848" classname="testcase_After_account_added.Social_BusinessMode"/>
  <testcase name="friends_followers" time="20.046" classname="testcase_After_account_added.Social_BusinessMode"/>
  <testcase name="queuebusinessmode" time="90.901" classname="testcase_After_account_added.Social_BusinessMode"/>
  <testcase name="Business_mentions" time="47.879" classname="testcase_After_account_added.Social_BusinessMode"/>
  <testcase name="business_Mode_Archive" time="38.822" classname="testcase_After_account_added.Social_BusinessMode"/>
</testsuite> <!-- Default test -->
