<?xml version="1.0" encoding="UTF-8"?>
<!-- Generated by org.testng.reporters.JUnitXMLReporter -->
<testsuite hostname="user-PC" ignored="8" name="Default test" tests="1" failures="0" timestamp="24 Dec 2018 12:49:02 GMT" time="57.343" errors="0">
  <testcase name="friendsandfollowers" time="20.578" classname="testcase_SocialAfter_account_added.SocialUSermode_after_added_Accounts"/>
  <testcase name="mailbox" time="0.0" classname="testcase_SocialAfter_account_added.SocialUSermode_after_added_Accounts">
    <ignored/>
  </testcase> <!-- mailbox -->
  <testcase name="logintosynctag" time="0.0" classname="testcase_SocialAfter_account_added.SocialUSermode_after_added_Accounts">
    <ignored/>
  </testcase> <!-- logintosynctag -->
  <testcase name="mentions" time="0.0" classname="testcase_SocialAfter_account_added.SocialUSermode_after_added_Accounts">
    <ignored/>
  </testcase> <!-- mentions -->
  <testcase name="archive" time="0.0" classname="testcase_SocialAfter_account_added.SocialUSermode_after_added_Accounts">
    <ignored/>
  </testcase> <!-- archive -->
  <testcase name="timeline" time="0.0" classname="testcase_SocialAfter_account_added.SocialUSermode_after_added_Accounts">
    <ignored/>
  </testcase> <!-- timeline -->
  <testcase name="homefeeds" time="0.0" classname="testcase_SocialAfter_account_added.SocialUSermode_after_added_Accounts">
    <ignored/>
  </testcase> <!-- homefeeds -->
  <testcase name="queue" time="0.0" classname="testcase_SocialAfter_account_added.SocialUSermode_after_added_Accounts">
    <ignored/>
  </testcase> <!-- queue -->
  <testcase name="xlporer" time="0.0" classname="testcase_SocialAfter_account_added.SocialUSermode_after_added_Accounts">
    <ignored/>
  </testcase> <!-- xlporer -->
</testsuite> <!-- Default test -->
