<?xml version="1.0" encoding="UTF-8"?>
<!-- Generated by org.testng.reporters.JUnitXMLReporter -->
<testsuite hostname="user-PC" ignored="0" name="Default test" tests="9" failures="0" timestamp="27 Sep 2018 05:32:21 GMT" time="973.231" errors="0">
  <testcase name="logintosynctag" time="25.421" classname="testcase_SocialAfter_account_added.SocialUSermode_after_added_Accounts"/>
  <testcase name="homefeeds" time="146.458" classname="testcase_SocialAfter_account_added.SocialUSermode_after_added_Accounts"/>
  <testcase name="friendsandfollowers" time="146.807" classname="testcase_SocialAfter_account_added.SocialUSermode_after_added_Accounts"/>
  <testcase name="timeline" time="437.306" classname="testcase_SocialAfter_account_added.SocialUSermode_after_added_Accounts"/>
  <testcase name="queue" time="89.236" classname="testcase_SocialAfter_account_added.SocialUSermode_after_added_Accounts"/>
  <testcase name="mailbox" time="44.234" classname="testcase_SocialAfter_account_added.SocialUSermode_after_added_Accounts"/>
  <testcase name="mentions" time="43.658" classname="testcase_SocialAfter_account_added.SocialUSermode_after_added_Accounts"/>
  <testcase name="xlporer" time="26.743" classname="testcase_SocialAfter_account_added.SocialUSermode_after_added_Accounts"/>
  <testcase name="archive" time="0.335" classname="testcase_SocialAfter_account_added.SocialUSermode_after_added_Accounts"/>
</testsuite> <!-- Default test -->
