<?xml version="1.0" encoding="UTF-8"?>
<testng-results skipped="0" failed="0" ignored="0" total="9" passed="9">
  <reporter-output>
  </reporter-output>
  <suite name="Default suite" duration-ms="973231" started-at="2018-09-27T05:16:08Z" finished-at="2018-09-27T05:32:21Z">
    <groups>
    </groups>
    <test name="Default test" duration-ms="973231" started-at="2018-09-27T05:16:08Z" finished-at="2018-09-27T05:32:21Z">
      <class name="testcase_SocialAfter_account_added.SocialUSermode_after_added_Accounts">
        <test-method status="PASS" signature="setUP()[pri:0, instance:testcase_SocialAfter_account_added.SocialUSermode_after_added_Accounts@56ac3a89]" name="setUP" is-config="true" duration-ms="10874" started-at="2018-09-27T05:16:08Z" finished-at="2018-09-27T05:16:19Z">
          <reporter-output>
          </reporter-output>
        </test-method> <!-- setUP -->
        <test-method status="PASS" signature="logintosynctag()[pri:1, instance:testcase_SocialAfter_account_added.SocialUSermode_after_added_Accounts@56ac3a89]" name="logintosynctag" duration-ms="25421" started-at="2018-09-27T05:16:19Z" finished-at="2018-09-27T05:16:44Z">
          <reporter-output>
          </reporter-output>
        </test-method> <!-- logintosynctag -->
        <test-method status="PASS" signature="homefeeds()[pri:2, instance:testcase_SocialAfter_account_added.SocialUSermode_after_added_Accounts@56ac3a89]" name="homefeeds" duration-ms="146458" started-at="2018-09-27T05:16:44Z" finished-at="2018-09-27T05:19:11Z">
          <reporter-output>
          </reporter-output>
        </test-method> <!-- homefeeds -->
        <test-method status="PASS" signature="friendsandfollowers()[pri:3, instance:testcase_SocialAfter_account_added.SocialUSermode_after_added_Accounts@56ac3a89]" name="friendsandfollowers" duration-ms="146807" started-at="2018-09-27T05:19:11Z" finished-at="2018-09-27T05:21:38Z">
          <reporter-output>
          </reporter-output>
        </test-method> <!-- friendsandfollowers -->
        <test-method status="PASS" signature="timeline()[pri:4, instance:testcase_SocialAfter_account_added.SocialUSermode_after_added_Accounts@56ac3a89]" name="timeline" duration-ms="437306" started-at="2018-09-27T05:21:38Z" finished-at="2018-09-27T05:28:55Z">
          <reporter-output>
          </reporter-output>
        </test-method> <!-- timeline -->
        <test-method status="PASS" signature="queue()[pri:5, instance:testcase_SocialAfter_account_added.SocialUSermode_after_added_Accounts@56ac3a89]" name="queue" duration-ms="89236" started-at="2018-09-27T05:28:55Z" finished-at="2018-09-27T05:30:24Z">
          <reporter-output>
          </reporter-output>
        </test-method> <!-- queue -->
        <test-method status="PASS" signature="mailbox()[pri:6, instance:testcase_SocialAfter_account_added.SocialUSermode_after_added_Accounts@56ac3a89]" name="mailbox" duration-ms="44234" started-at="2018-09-27T05:30:24Z" finished-at="2018-09-27T05:31:08Z">
          <reporter-output>
          </reporter-output>
        </test-method> <!-- mailbox -->
        <test-method status="PASS" signature="mentions()[pri:7, instance:testcase_SocialAfter_account_added.SocialUSermode_after_added_Accounts@56ac3a89]" name="mentions" duration-ms="43658" started-at="2018-09-27T05:31:08Z" finished-at="2018-09-27T05:31:52Z">
          <reporter-output>
          </reporter-output>
        </test-method> <!-- mentions -->
        <test-method status="PASS" signature="xlporer()[pri:8, instance:testcase_SocialAfter_account_added.SocialUSermode_after_added_Accounts@56ac3a89]" name="xlporer" duration-ms="26743" started-at="2018-09-27T05:31:52Z" finished-at="2018-09-27T05:32:19Z">
          <reporter-output>
          </reporter-output>
        </test-method> <!-- xlporer -->
        <test-method status="PASS" signature="archive()[pri:9, instance:testcase_SocialAfter_account_added.SocialUSermode_after_added_Accounts@56ac3a89]" name="archive" duration-ms="335" started-at="2018-09-27T05:32:19Z" finished-at="2018-09-27T05:32:19Z">
          <reporter-output>
          </reporter-output>
        </test-method> <!-- archive -->
        <test-method status="PASS" signature="closeApplicationbrwoser()[pri:0, instance:testcase_SocialAfter_account_added.SocialUSermode_after_added_Accounts@56ac3a89]" name="closeApplicationbrwoser" is-config="true" duration-ms="1934" started-at="2018-09-27T05:32:19Z" finished-at="2018-09-27T05:32:21Z">
          <reporter-output>
          </reporter-output>
        </test-method> <!-- closeApplicationbrwoser -->
      </class> <!-- testcase_SocialAfter_account_added.SocialUSermode_after_added_Accounts -->
    </test> <!-- Default test -->
  </suite> <!-- Default suite -->
</testng-results>
