<?xml version="1.0" encoding="UTF-8"?>
<testng-results skipped="0" failed="0" ignored="0" total="5" passed="5">
  <reporter-output>
  </reporter-output>
  <suite name="Default suite" duration-ms="253406" started-at="2018-08-07T17:54:32Z" finished-at="2018-08-07T17:58:45Z">
    <groups>
    </groups>
    <test name="Default test" duration-ms="253406" started-at="2018-08-07T17:54:32Z" finished-at="2018-08-07T17:58:45Z">
      <class name="testcase_After_account_added.Social_after_added_Accounts">
        <test-method status="PASS" signature="setUP()[pri:0, instance:testcase_After_account_added.Social_after_added_Accounts@5700d6b1]" name="setUP" is-config="true" duration-ms="16165" started-at="2018-08-07T17:54:32Z" finished-at="2018-08-07T17:54:48Z">
          <reporter-output>
          </reporter-output>
        </test-method> <!-- setUP -->
        <test-method status="PASS" signature="logintosynctag()[pri:1, instance:testcase_After_account_added.Social_after_added_Accounts@5700d6b1]" name="logintosynctag" duration-ms="57923" started-at="2018-08-07T17:54:48Z" finished-at="2018-08-07T17:55:46Z">
          <reporter-output>
          </reporter-output>
        </test-method> <!-- logintosynctag -->
        <test-method status="PASS" signature="queue()[pri:5, instance:testcase_After_account_added.Social_after_added_Accounts@5700d6b1]" name="queue" duration-ms="89044" started-at="2018-08-07T17:55:46Z" finished-at="2018-08-07T17:57:15Z">
          <reporter-output>
          </reporter-output>
        </test-method> <!-- queue -->
        <test-method status="PASS" signature="mentions()[pri:7, instance:testcase_After_account_added.Social_after_added_Accounts@5700d6b1]" name="mentions" duration-ms="29015" started-at="2018-08-07T17:57:15Z" finished-at="2018-08-07T17:57:44Z">
          <reporter-output>
          </reporter-output>
        </test-method> <!-- mentions -->
        <test-method status="PASS" signature="xlporer()[pri:8, instance:testcase_After_account_added.Social_after_added_Accounts@5700d6b1]" name="xlporer" duration-ms="20911" started-at="2018-08-07T17:57:44Z" finished-at="2018-08-07T17:58:05Z">
          <reporter-output>
          </reporter-output>
        </test-method> <!-- xlporer -->
        <test-method status="PASS" signature="archive()[pri:9, instance:testcase_After_account_added.Social_after_added_Accounts@5700d6b1]" name="archive" duration-ms="38434" started-at="2018-08-07T17:58:05Z" finished-at="2018-08-07T17:58:43Z">
          <reporter-output>
          </reporter-output>
        </test-method> <!-- archive -->
        <test-method status="PASS" signature="closeApplicationbrwoser()[pri:0, instance:testcase_After_account_added.Social_after_added_Accounts@5700d6b1]" name="closeApplicationbrwoser" is-config="true" duration-ms="1833" started-at="2018-08-07T17:58:43Z" finished-at="2018-08-07T17:58:45Z">
          <reporter-output>
          </reporter-output>
        </test-method> <!-- closeApplicationbrwoser -->
      </class> <!-- testcase_After_account_added.Social_after_added_Accounts -->
    </test> <!-- Default test -->
  </suite> <!-- Default suite -->
</testng-results>
