<?xml version="1.0" encoding="UTF-8"?>
<testng-results skipped="0" failed="0" ignored="0" total="1" passed="1">
  <reporter-output>
  </reporter-output>
  <suite name="Default suite" duration-ms="39066" started-at="2018-09-24T13:38:35Z" finished-at="2018-09-24T13:39:14Z">
    <groups>
    </groups>
    <test name="Default test" duration-ms="39066" started-at="2018-09-24T13:38:35Z" finished-at="2018-09-24T13:39:14Z">
      <class name="testcase_After_account_added.Social_after_added_Accounts">
        <test-method status="PASS" signature="setUP()[pri:0, instance:testcase_After_account_added.Social_after_added_Accounts@490ab905]" name="setUP" is-config="true" duration-ms="9910" started-at="2018-09-24T13:38:35Z" finished-at="2018-09-24T13:38:45Z">
          <reporter-output>
          </reporter-output>
        </test-method> <!-- setUP -->
        <test-method status="PASS" signature="logintosynctag()[pri:1, instance:testcase_After_account_added.Social_after_added_Accounts@490ab905]" name="logintosynctag" duration-ms="28135" started-at="2018-09-24T13:38:45Z" finished-at="2018-09-24T13:39:13Z">
          <reporter-output>
          </reporter-output>
        </test-method> <!-- logintosynctag -->
        <test-method status="PASS" signature="closeApplicationbrwoser()[pri:0, instance:testcase_After_account_added.Social_after_added_Accounts@490ab905]" name="closeApplicationbrwoser" is-config="true" duration-ms="965" started-at="2018-09-24T13:39:13Z" finished-at="2018-09-24T13:39:14Z">
          <reporter-output>
          </reporter-output>
        </test-method> <!-- closeApplicationbrwoser -->
      </class> <!-- testcase_After_account_added.Social_after_added_Accounts -->
    </test> <!-- Default test -->
  </suite> <!-- Default suite -->
</testng-results>
