<?xml version="1.0" encoding="UTF-8"?>
<testng-results skipped="0" failed="0" total="1" passed="1">
  <reporter-output>
  </reporter-output>
  <suite name="Default suite" duration-ms="612846" started-at="2018-07-19T06:10:35Z" finished-at="2018-07-19T06:20:48Z">
    <groups>
    </groups>
    <test name="Default test" duration-ms="612846" started-at="2018-07-19T06:10:35Z" finished-at="2018-07-19T06:20:48Z">
      <class name="testcase_After_account_added.Social_after_added_Accounts">
        <test-method status="PASS" signature="setUP()[pri:0, instance:testcase_After_account_added.Social_after_added_Accounts@1b604f19]" name="setUP" is-config="true" duration-ms="44411" started-at="2018-07-19T11:40:35Z" finished-at="2018-07-19T11:41:19Z">
          <reporter-output>
          </reporter-output>
        </test-method> <!-- setUP -->
        <test-method status="PASS" signature="socialsynctag()[pri:0, instance:testcase_After_account_added.Social_after_added_Accounts@1b604f19]" name="socialsynctag" duration-ms="565966" started-at="2018-07-19T11:41:19Z" finished-at="2018-07-19T11:50:45Z">
          <reporter-output>
          </reporter-output>
        </test-method> <!-- socialsynctag -->
        <test-method status="PASS" signature="closeApplicationbrwoser()[pri:0, instance:testcase_After_account_added.Social_after_added_Accounts@1b604f19]" name="closeApplicationbrwoser" is-config="true" duration-ms="2410" started-at="2018-07-19T11:50:45Z" finished-at="2018-07-19T11:50:48Z">
          <reporter-output>
          </reporter-output>
        </test-method> <!-- closeApplicationbrwoser -->
      </class> <!-- testcase_After_account_added.Social_after_added_Accounts -->
    </test> <!-- Default test -->
  </suite> <!-- Default suite -->
</testng-results>
