<?xml version="1.0" encoding="UTF-8"?>
<testng-results skipped="0" failed="0" ignored="0" total="7" passed="7">
  <reporter-output>
  </reporter-output>
  <suite name="Default suite" duration-ms="452293" started-at="2018-09-28T07:22:53Z" finished-at="2018-09-28T07:30:25Z">
    <groups>
    </groups>
    <test name="Default test" duration-ms="452293" started-at="2018-09-28T07:22:53Z" finished-at="2018-09-28T07:30:25Z">
      <class name="testcase_media.Verify_Media_with_Reports">
        <test-method status="PASS" signature="setUP()[pri:0, instance:testcase_media.Verify_Media_with_Reports@490ab905]" name="setUP" is-config="true" duration-ms="16040" started-at="2018-09-28T07:22:53Z" finished-at="2018-09-28T07:23:09Z">
          <reporter-output>
          </reporter-output>
        </test-method> <!-- setUP -->
        <test-method status="PASS" signature="verify_Media_account()[pri:1, instance:testcase_media.Verify_Media_with_Reports@490ab905]" name="verify_Media_account" duration-ms="27686" started-at="2018-09-28T07:23:09Z" finished-at="2018-09-28T07:23:37Z">
          <reporter-output>
          </reporter-output>
        </test-method> <!-- verify_Media_account -->
        <test-method status="PASS" signature="Moving_Media_module()[pri:2, instance:testcase_media.Verify_Media_with_Reports@490ab905]" name="Moving_Media_module" duration-ms="43015" started-at="2018-09-28T07:23:37Z" finished-at="2018-09-28T07:24:20Z">
          <reporter-output>
          </reporter-output>
        </test-method> <!-- Moving_Media_module -->
        <test-method status="PASS" signature="add_youtube_account()[pri:3, instance:testcase_media.Verify_Media_with_Reports@490ab905]" name="add_youtube_account" duration-ms="51817" started-at="2018-09-28T07:24:20Z" finished-at="2018-09-28T07:25:12Z">
          <reporter-output>
          </reporter-output>
        </test-method> <!-- add_youtube_account -->
        <test-method status="PASS" signature="add_dailymotions_account()[pri:4, instance:testcase_media.Verify_Media_with_Reports@490ab905]" name="add_dailymotions_account" duration-ms="23374" started-at="2018-09-28T07:25:12Z" finished-at="2018-09-28T07:25:35Z">
          <reporter-output>
          </reporter-output>
        </test-method> <!-- add_dailymotions_account -->
        <test-method status="PASS" signature="add_vime0_account()[pri:5, instance:testcase_media.Verify_Media_with_Reports@490ab905]" name="add_vime0_account" duration-ms="36324" started-at="2018-09-28T07:25:35Z" finished-at="2018-09-28T07:26:11Z">
          <reporter-output>
          </reporter-output>
        </test-method> <!-- add_vime0_account -->
        <test-method status="PASS" signature="UserHomeFeeds_account()[pri:7, instance:testcase_media.Verify_Media_with_Reports@490ab905]" name="UserHomeFeeds_account" duration-ms="117745" started-at="2018-09-28T07:26:11Z" finished-at="2018-09-28T07:28:09Z">
          <reporter-output>
          </reporter-output>
        </test-method> <!-- UserHomeFeeds_account -->
        <test-method status="PASS" signature="Favourite_Feeds()[pri:8, instance:testcase_media.Verify_Media_with_Reports@490ab905]" name="Favourite_Feeds" duration-ms="134277" started-at="2018-09-28T07:28:09Z" finished-at="2018-09-28T07:30:23Z">
          <reporter-output>
          </reporter-output>
        </test-method> <!-- Favourite_Feeds -->
        <test-method status="PASS" signature="closeApplicationbrwoser()[pri:0, instance:testcase_media.Verify_Media_with_Reports@490ab905]" name="closeApplicationbrwoser" is-config="true" duration-ms="1888" started-at="2018-09-28T07:30:23Z" finished-at="2018-09-28T07:30:25Z">
          <reporter-output>
          </reporter-output>
        </test-method> <!-- closeApplicationbrwoser -->
      </class> <!-- testcase_media.Verify_Media_with_Reports -->
    </test> <!-- Default test -->
  </suite> <!-- Default suite -->
</testng-results>
