<?xml version="1.0" encoding="UTF-8"?>
<testng-results skipped="0" failed="0" ignored="0" total="2" passed="2">
  <reporter-output>
  </reporter-output>
  <suite name="Default suite" duration-ms="146300" started-at="2018-08-16T14:32:53Z" finished-at="2018-08-16T14:35:19Z">
    <groups>
    </groups>
    <test name="Default test" duration-ms="146300" started-at="2018-08-16T14:32:53Z" finished-at="2018-08-16T14:35:19Z">
      <class name="testcase_After_account_added.Social_after_added_Accounts">
        <test-method status="PASS" signature="setUP()[pri:0, instance:testcase_After_account_added.Social_after_added_Accounts@490ab905]" name="setUP" is-config="true" duration-ms="10580" started-at="2018-08-16T14:32:53Z" finished-at="2018-08-16T14:33:03Z">
          <reporter-output>
          </reporter-output>
        </test-method> <!-- setUP -->
        <test-method status="PASS" signature="logintosynctag()[pri:1, instance:testcase_After_account_added.Social_after_added_Accounts@490ab905]" name="logintosynctag" duration-ms="26430" started-at="2018-08-16T14:33:03Z" finished-at="2018-08-16T14:33:30Z">
          <reporter-output>
          </reporter-output>
        </test-method> <!-- logintosynctag -->
        <test-method status="PASS" signature="xlporer()[pri:8, instance:testcase_After_account_added.Social_after_added_Accounts@490ab905]" name="xlporer" duration-ms="107435" started-at="2018-08-16T14:33:30Z" finished-at="2018-08-16T14:35:17Z">
          <reporter-output>
          </reporter-output>
        </test-method> <!-- xlporer -->
        <test-method status="PASS" signature="closeApplicationbrwoser()[pri:0, instance:testcase_After_account_added.Social_after_added_Accounts@490ab905]" name="closeApplicationbrwoser" is-config="true" duration-ms="1726" started-at="2018-08-16T14:35:17Z" finished-at="2018-08-16T14:35:19Z">
          <reporter-output>
          </reporter-output>
        </test-method> <!-- closeApplicationbrwoser -->
      </class> <!-- testcase_After_account_added.Social_after_added_Accounts -->
    </test> <!-- Default test -->
  </suite> <!-- Default suite -->
</testng-results>
