<?xml version="1.0" encoding="UTF-8"?>
<testng-results skipped="0" failed="0" ignored="0" total="9" passed="9">
  <reporter-output>
  </reporter-output>
  <suite name="Socialmodule" duration-ms="117310" started-at="2018-12-24T13:36:06Z" finished-at="2018-12-24T13:38:04Z">
    <groups>
    </groups>
    <test name="user_mode_smoke_cases" duration-ms="117310" started-at="2018-12-24T13:36:06Z" finished-at="2018-12-24T13:38:04Z">
      <class name="testcase_SocialAfter_account_added.SocialUSermode_after_added_Accounts">
        <test-method status="PASS" signature="setUP()[pri:0, instance:testcase_SocialAfter_account_added.SocialUSermode_after_added_Accounts@56ac3a89]" name="setUP" is-config="true" duration-ms="12199" started-at="2018-12-24T13:36:06Z" finished-at="2018-12-24T13:36:19Z">
          <reporter-output>
          </reporter-output>
        </test-method> <!-- setUP -->
        <test-method status="PASS" signature="logintosynctag()[pri:1, instance:testcase_SocialAfter_account_added.SocialUSermode_after_added_Accounts@56ac3a89]" name="logintosynctag" duration-ms="28886" started-at="2018-12-24T13:36:19Z" finished-at="2018-12-24T13:36:47Z">
          <reporter-output>
          </reporter-output>
        </test-method> <!-- logintosynctag -->
        <test-method status="PASS" signature="homefeeds()[pri:2, instance:testcase_SocialAfter_account_added.SocialUSermode_after_added_Accounts@56ac3a89]" name="homefeeds" duration-ms="484" started-at="2018-12-24T13:36:47Z" finished-at="2018-12-24T13:36:48Z">
          <reporter-output>
          </reporter-output>
        </test-method> <!-- homefeeds -->
        <test-method status="PASS" signature="friendsandfollowers()[pri:3, instance:testcase_SocialAfter_account_added.SocialUSermode_after_added_Accounts@56ac3a89]" name="friendsandfollowers" duration-ms="245" started-at="2018-12-24T13:36:48Z" finished-at="2018-12-24T13:36:48Z">
          <reporter-output>
          </reporter-output>
        </test-method> <!-- friendsandfollowers -->
        <test-method status="PASS" signature="timeline()[pri:4, instance:testcase_SocialAfter_account_added.SocialUSermode_after_added_Accounts@56ac3a89]" name="timeline" duration-ms="251" started-at="2018-12-24T13:36:48Z" finished-at="2018-12-24T13:36:48Z">
          <reporter-output>
          </reporter-output>
        </test-method> <!-- timeline -->
        <test-method status="PASS" signature="queue()[pri:5, instance:testcase_SocialAfter_account_added.SocialUSermode_after_added_Accounts@56ac3a89]" name="queue" duration-ms="120" started-at="2018-12-24T13:36:48Z" finished-at="2018-12-24T13:36:49Z">
          <reporter-output>
          </reporter-output>
        </test-method> <!-- queue -->
        <test-method status="PASS" signature="mailbox()[pri:6, instance:testcase_SocialAfter_account_added.SocialUSermode_after_added_Accounts@56ac3a89]" name="mailbox" duration-ms="52321" started-at="2018-12-24T13:36:49Z" finished-at="2018-12-24T13:37:41Z">
          <reporter-output>
          </reporter-output>
        </test-method> <!-- mailbox -->
        <test-method status="PASS" signature="mentions()[pri:7, instance:testcase_SocialAfter_account_added.SocialUSermode_after_added_Accounts@56ac3a89]" name="mentions" duration-ms="268" started-at="2018-12-24T13:37:41Z" finished-at="2018-12-24T13:37:41Z">
          <reporter-output>
          </reporter-output>
        </test-method> <!-- mentions -->
        <test-method status="PASS" signature="xlporer()[pri:8, instance:testcase_SocialAfter_account_added.SocialUSermode_after_added_Accounts@56ac3a89]" name="xlporer" duration-ms="20110" started-at="2018-12-24T13:37:41Z" finished-at="2018-12-24T13:38:01Z">
          <reporter-output>
          </reporter-output>
        </test-method> <!-- xlporer -->
        <test-method status="PASS" signature="archive()[pri:9, instance:testcase_SocialAfter_account_added.SocialUSermode_after_added_Accounts@56ac3a89]" name="archive" duration-ms="173" started-at="2018-12-24T13:38:01Z" finished-at="2018-12-24T13:38:01Z">
          <reporter-output>
          </reporter-output>
        </test-method> <!-- archive -->
        <test-method status="PASS" signature="closeApplicationbrwoser()[pri:0, instance:testcase_SocialAfter_account_added.SocialUSermode_after_added_Accounts@56ac3a89]" name="closeApplicationbrwoser" is-config="true" duration-ms="2096" started-at="2018-12-24T13:38:01Z" finished-at="2018-12-24T13:38:04Z">
          <reporter-output>
          </reporter-output>
        </test-method> <!-- closeApplicationbrwoser -->
      </class> <!-- testcase_SocialAfter_account_added.SocialUSermode_after_added_Accounts -->
    </test> <!-- user_mode_smoke_cases -->
  </suite> <!-- Socialmodule -->
</testng-results>
