<?xml version="1.0" encoding="UTF-8"?>
<testsuite name="TestSuite" time="918.334" tests="8" errors="0" skipped="0" failures="0">
  <properties>
[...]
</properties>
  <testcase name="logintosynctag" classname="testcase_After_account_added.Social_after_added_Accounts" time="31.26"/>
  <testcase name="homefeeds" classname="testcase_After_account_added.Social_after_added_Accounts" time="294.435"/>
  <testcase name="friendsandfollowers" classname="testcase_After_account_added.Social_after_added_Accounts" time="85.689"/>
  <testcase name="timeline" classname="testcase_After_account_added.Social_after_added_Accounts" time="273.691"/>
  <testcase name="queue" classname="testcase_After_account_added.Social_after_added_Accounts" time="21.461"/>
  <testcase name="mentions" classname="testcase_After_account_added.Social_after_added_Accounts" time="47.272"/>
  <testcase name="xlporer" classname="testcase_After_account_added.Social_after_added_Accounts" time="125.834"/>
  <testcase name="archive" classname="testcase_After_account_added.Social_after_added_Accounts" time="38.692"/>
</testsuite>