<?xml version="1.0" encoding="UTF-8"?>
<testng-results skipped="0" failed="0" ignored="0" total="8" passed="8">
  <reporter-output>
  </reporter-output>
  <suite name="SocialUsermode" duration-ms="929473" started-at="2018-09-21T05:55:12Z" finished-at="2018-09-21T06:10:42Z">
    <groups>
    </groups>
    <test name="SocialUsermode" duration-ms="929473" started-at="2018-09-21T05:55:12Z" finished-at="2018-09-21T06:10:42Z">
      <class name="testcase_After_account_added.Social_after_added_Accounts">
        <test-method status="PASS" signature="setUP()[pri:0, instance:testcase_After_account_added.Social_after_added_Accounts@64616ca2]" name="setUP" is-config="true" duration-ms="8958" started-at="2018-09-21T05:55:12Z" finished-at="2018-09-21T05:55:21Z">
          <reporter-output>
          </reporter-output>
        </test-method> <!-- setUP -->
        <test-method status="PASS" signature="logintosynctag()[pri:1, instance:testcase_After_account_added.Social_after_added_Accounts@64616ca2]" name="logintosynctag" duration-ms="31268" started-at="2018-09-21T05:55:21Z" finished-at="2018-09-21T05:55:53Z">
          <reporter-output>
          </reporter-output>
        </test-method> <!-- logintosynctag -->
        <test-method status="PASS" signature="homefeeds()[pri:2, instance:testcase_After_account_added.Social_after_added_Accounts@64616ca2]" name="homefeeds" duration-ms="294450" started-at="2018-09-21T05:55:53Z" finished-at="2018-09-21T06:00:47Z">
          <reporter-output>
          </reporter-output>
        </test-method> <!-- homefeeds -->
        <test-method status="PASS" signature="friendsandfollowers()[pri:3, instance:testcase_After_account_added.Social_after_added_Accounts@64616ca2]" name="friendsandfollowers" duration-ms="85658" started-at="2018-09-21T06:00:47Z" finished-at="2018-09-21T06:02:13Z">
          <reporter-output>
          </reporter-output>
        </test-method> <!-- friendsandfollowers -->
        <test-method status="PASS" signature="timeline()[pri:4, instance:testcase_After_account_added.Social_after_added_Accounts@64616ca2]" name="timeline" duration-ms="273722" started-at="2018-09-21T06:02:13Z" finished-at="2018-09-21T06:06:47Z">
          <reporter-output>
          </reporter-output>
        </test-method> <!-- timeline -->
        <test-method status="PASS" signature="queue()[pri:5, instance:testcase_After_account_added.Social_after_added_Accounts@64616ca2]" name="queue" duration-ms="21461" started-at="2018-09-21T06:06:47Z" finished-at="2018-09-21T06:07:08Z">
          <reporter-output>
          </reporter-output>
        </test-method> <!-- queue -->
        <test-method status="PASS" signature="mentions()[pri:7, instance:testcase_After_account_added.Social_after_added_Accounts@64616ca2]" name="mentions" duration-ms="47272" started-at="2018-09-21T06:07:08Z" finished-at="2018-09-21T06:07:55Z">
          <reporter-output>
          </reporter-output>
        </test-method> <!-- mentions -->
        <test-method status="PASS" signature="xlporer()[pri:8, instance:testcase_After_account_added.Social_after_added_Accounts@64616ca2]" name="xlporer" duration-ms="125834" started-at="2018-09-21T06:07:55Z" finished-at="2018-09-21T06:10:01Z">
          <reporter-output>
          </reporter-output>
        </test-method> <!-- xlporer -->
        <test-method status="PASS" signature="archive()[pri:9, instance:testcase_After_account_added.Social_after_added_Accounts@64616ca2]" name="archive" duration-ms="38677" started-at="2018-09-21T06:10:01Z" finished-at="2018-09-21T06:10:40Z">
          <reporter-output>
          </reporter-output>
        </test-method> <!-- archive -->
        <test-method status="PASS" signature="closeApplicationbrwoser()[pri:0, instance:testcase_After_account_added.Social_after_added_Accounts@64616ca2]" name="closeApplicationbrwoser" is-config="true" duration-ms="2130" started-at="2018-09-21T06:10:40Z" finished-at="2018-09-21T06:10:42Z">
          <reporter-output>
          </reporter-output>
        </test-method> <!-- closeApplicationbrwoser -->
      </class> <!-- testcase_After_account_added.Social_after_added_Accounts -->
    </test> <!-- SocialUsermode -->
  </suite> <!-- SocialUsermode -->
</testng-results>
