<?xml version="1.0" encoding="UTF-8"?>
<testng-results skipped="0" failed="0" ignored="0" total="9" passed="9">
  <reporter-output>
  </reporter-output>
  <suite name="SocialUsermode" duration-ms="971731" started-at="2018-09-20T13:31:40Z" finished-at="2018-09-20T13:47:52Z">
    <groups>
    </groups>
    <test name="SocialUsermode" duration-ms="971731" started-at="2018-09-20T13:31:40Z" finished-at="2018-09-20T13:47:52Z">
      <class name="testcase_After_account_added.Social_after_added_Accounts">
        <test-method status="PASS" signature="setUP()[pri:0, instance:testcase_After_account_added.Social_after_added_Accounts@64616ca2]" name="setUP" is-config="true" duration-ms="11890" started-at="2018-09-20T13:31:40Z" finished-at="2018-09-20T13:31:52Z">
          <reporter-output>
          </reporter-output>
        </test-method> <!-- setUP -->
        <test-method status="PASS" signature="logintosynctag()[pri:1, instance:testcase_After_account_added.Social_after_added_Accounts@64616ca2]" name="logintosynctag" duration-ms="26716" started-at="2018-09-20T13:31:52Z" finished-at="2018-09-20T13:32:18Z">
          <reporter-output>
          </reporter-output>
        </test-method> <!-- logintosynctag -->
        <test-method status="PASS" signature="homefeeds()[pri:2, instance:testcase_After_account_added.Social_after_added_Accounts@64616ca2]" name="homefeeds" duration-ms="294742" started-at="2018-09-20T13:32:18Z" finished-at="2018-09-20T13:37:13Z">
          <reporter-output>
          </reporter-output>
        </test-method> <!-- homefeeds -->
        <test-method status="PASS" signature="friendsandfollowers()[pri:3, instance:testcase_After_account_added.Social_after_added_Accounts@64616ca2]" name="friendsandfollowers" duration-ms="85604" started-at="2018-09-20T13:37:13Z" finished-at="2018-09-20T13:38:39Z">
          <reporter-output>
          </reporter-output>
        </test-method> <!-- friendsandfollowers -->
        <test-method status="PASS" signature="timeline()[pri:4, instance:testcase_After_account_added.Social_after_added_Accounts@64616ca2]" name="timeline" duration-ms="271883" started-at="2018-09-20T13:38:39Z" finished-at="2018-09-20T13:43:11Z">
          <reporter-output>
          </reporter-output>
        </test-method> <!-- timeline -->
        <test-method status="PASS" signature="queue()[pri:5, instance:testcase_After_account_added.Social_after_added_Accounts@64616ca2]" name="queue" duration-ms="21285" started-at="2018-09-20T13:43:11Z" finished-at="2018-09-20T13:43:32Z">
          <reporter-output>
          </reporter-output>
        </test-method> <!-- queue -->
        <test-method status="PASS" signature="mailbox()[pri:6, instance:testcase_After_account_added.Social_after_added_Accounts@64616ca2]" name="mailbox" duration-ms="44062" started-at="2018-09-20T13:43:32Z" finished-at="2018-09-20T13:44:16Z">
          <reporter-output>
          </reporter-output>
        </test-method> <!-- mailbox -->
        <test-method status="PASS" signature="mentions()[pri:7, instance:testcase_After_account_added.Social_after_added_Accounts@64616ca2]" name="mentions" duration-ms="47282" started-at="2018-09-20T13:44:16Z" finished-at="2018-09-20T13:45:03Z">
          <reporter-output>
          </reporter-output>
        </test-method> <!-- mentions -->
        <test-method status="PASS" signature="xlporer()[pri:8, instance:testcase_After_account_added.Social_after_added_Accounts@64616ca2]" name="xlporer" duration-ms="128008" started-at="2018-09-20T13:45:03Z" finished-at="2018-09-20T13:47:11Z">
          <reporter-output>
          </reporter-output>
        </test-method> <!-- xlporer -->
        <test-method status="PASS" signature="archive()[pri:9, instance:testcase_After_account_added.Social_after_added_Accounts@64616ca2]" name="archive" duration-ms="38423" started-at="2018-09-20T13:47:11Z" finished-at="2018-09-20T13:47:50Z">
          <reporter-output>
          </reporter-output>
        </test-method> <!-- archive -->
        <test-method status="PASS" signature="closeApplicationbrwoser()[pri:0, instance:testcase_After_account_added.Social_after_added_Accounts@64616ca2]" name="closeApplicationbrwoser" is-config="true" duration-ms="1765" started-at="2018-09-20T13:47:50Z" finished-at="2018-09-20T13:47:52Z">
          <reporter-output>
          </reporter-output>
        </test-method> <!-- closeApplicationbrwoser -->
      </class> <!-- testcase_After_account_added.Social_after_added_Accounts -->
    </test> <!-- SocialUsermode -->
  </suite> <!-- SocialUsermode -->
</testng-results>
