<?xml version="1.0" encoding="UTF-8"?>
<testng-results skipped="0" failed="0" ignored="0" total="2" passed="2">
  <reporter-output>
  </reporter-output>
  <suite name="SocialUsermode" duration-ms="466022" started-at="2018-09-24T12:07:54Z" finished-at="2018-09-24T12:15:40Z">
    <groups>
    </groups>
    <test name="SocialUsermode" duration-ms="466022" started-at="2018-09-24T12:07:54Z" finished-at="2018-09-24T12:15:40Z">
      <class name="testcase_After_account_added.Social_after_added_Accounts">
        <test-method status="PASS" signature="setUP()[pri:0, instance:testcase_After_account_added.Social_after_added_Accounts@5f2050f6]" name="setUP" is-config="true" duration-ms="12627" started-at="2018-09-24T12:07:54Z" finished-at="2018-09-24T12:08:06Z">
          <reporter-output>
          </reporter-output>
        </test-method> <!-- setUP -->
        <test-method status="PASS" signature="logintosynctag()[pri:1, instance:testcase_After_account_added.Social_after_added_Accounts@5f2050f6]" name="logintosynctag" duration-ms="43086" started-at="2018-09-24T12:08:06Z" finished-at="2018-09-24T12:08:50Z">
          <reporter-output>
          </reporter-output>
        </test-method> <!-- logintosynctag -->
        <test-method status="PASS" signature="homefeeds()[pri:2, instance:testcase_After_account_added.Social_after_added_Accounts@5f2050f6]" name="homefeeds" duration-ms="409285" started-at="2018-09-24T12:08:50Z" finished-at="2018-09-24T12:15:39Z">
          <reporter-output>
          </reporter-output>
        </test-method> <!-- homefeeds -->
        <test-method status="PASS" signature="closeApplicationbrwoser()[pri:0, instance:testcase_After_account_added.Social_after_added_Accounts@5f2050f6]" name="closeApplicationbrwoser" is-config="true" duration-ms="935" started-at="2018-09-24T12:15:39Z" finished-at="2018-09-24T12:15:40Z">
          <reporter-output>
          </reporter-output>
        </test-method> <!-- closeApplicationbrwoser -->
      </class> <!-- testcase_After_account_added.Social_after_added_Accounts -->
    </test> <!-- SocialUsermode -->
  </suite> <!-- SocialUsermode -->
</testng-results>
