<?xml version="1.0" encoding="UTF-8"?>
<testng-results skipped="0" failed="0" ignored="0" total="8" passed="8">
  <reporter-output>
  </reporter-output>
  <suite name="SocialUsermode" duration-ms="695472" started-at="2018-08-20T06:13:11Z" finished-at="2018-08-20T06:24:46Z">
    <groups>
    </groups>
    <test name="SocialUsermode" duration-ms="695472" started-at="2018-08-20T06:13:11Z" finished-at="2018-08-20T06:24:46Z">
      <class name="testcase_After_account_added.Social_after_added_Accounts">
        <test-method status="PASS" signature="setUP()[pri:0, instance:testcase_After_account_added.Social_after_added_Accounts@13fee20c]" name="setUP" is-config="true" duration-ms="12885" started-at="2018-08-20T06:13:11Z" finished-at="2018-08-20T06:13:24Z">
          <reporter-output>
          </reporter-output>
        </test-method> <!-- setUP -->
        <test-method status="PASS" signature="logintosynctag()[pri:1, instance:testcase_After_account_added.Social_after_added_Accounts@13fee20c]" name="logintosynctag" duration-ms="29914" started-at="2018-08-20T06:13:24Z" finished-at="2018-08-20T06:13:54Z">
          <reporter-output>
          </reporter-output>
        </test-method> <!-- logintosynctag -->
        <test-method status="PASS" signature="homefeeds()[pri:2, instance:testcase_After_account_added.Social_after_added_Accounts@13fee20c]" name="homefeeds" duration-ms="6275" started-at="2018-08-20T06:13:54Z" finished-at="2018-08-20T06:14:00Z">
          <reporter-output>
          </reporter-output>
        </test-method> <!-- homefeeds -->
        <test-method status="PASS" signature="friendsandfollowers()[pri:3, instance:testcase_After_account_added.Social_after_added_Accounts@13fee20c]" name="friendsandfollowers" duration-ms="137750" started-at="2018-08-20T06:14:00Z" finished-at="2018-08-20T06:16:18Z">
          <reporter-output>
          </reporter-output>
        </test-method> <!-- friendsandfollowers -->
        <test-method status="PASS" signature="timeline()[pri:4, instance:testcase_After_account_added.Social_after_added_Accounts@13fee20c]" name="timeline" duration-ms="263931" started-at="2018-08-20T06:16:18Z" finished-at="2018-08-20T06:20:42Z">
          <reporter-output>
          </reporter-output>
        </test-method> <!-- timeline -->
        <test-method status="PASS" signature="queue()[pri:5, instance:testcase_After_account_added.Social_after_added_Accounts@13fee20c]" name="queue" duration-ms="17512" started-at="2018-08-20T06:20:42Z" finished-at="2018-08-20T06:20:59Z">
          <reporter-output>
          </reporter-output>
        </test-method> <!-- queue -->
        <test-method status="PASS" signature="mailbox()[pri:6, instance:testcase_After_account_added.Social_after_added_Accounts@13fee20c]" name="mailbox" duration-ms="42371" started-at="2018-08-20T06:20:59Z" finished-at="2018-08-20T06:21:42Z">
          <reporter-output>
          </reporter-output>
        </test-method> <!-- mailbox -->
        <test-method status="PASS" signature="mentions()[pri:7, instance:testcase_After_account_added.Social_after_added_Accounts@13fee20c]" name="mentions" duration-ms="60614" started-at="2018-08-20T06:21:42Z" finished-at="2018-08-20T06:22:42Z">
          <reporter-output>
          </reporter-output>
        </test-method> <!-- mentions -->
        <test-method status="PASS" signature="xlporer()[pri:8, instance:testcase_After_account_added.Social_after_added_Accounts@13fee20c]" name="xlporer" duration-ms="121702" started-at="2018-08-20T06:22:42Z" finished-at="2018-08-20T06:24:44Z">
          <reporter-output>
          </reporter-output>
        </test-method> <!-- xlporer -->
        <test-method status="PASS" signature="closeApplicationbrwoser()[pri:0, instance:testcase_After_account_added.Social_after_added_Accounts@13fee20c]" name="closeApplicationbrwoser" is-config="true" duration-ms="2357" started-at="2018-08-20T06:24:44Z" finished-at="2018-08-20T06:24:46Z">
          <reporter-output>
          </reporter-output>
        </test-method> <!-- closeApplicationbrwoser -->
        <test-method status="FAIL" signature="failedscrenshot(org.testng.ITestResult)[pri:0, instance:testcase_After_account_added.Social_after_added_Accounts@13fee20c]" name="failedscrenshot" is-config="true" duration-ms="0" started-at="2018-08-20T06:24:46Z" finished-at="2018-08-20T06:24:46Z">
          <exception class="org.testng.TestNGException">
            <message>
              <![CDATA[
Can inject only one of <ITestContext, XmlTest> into a @AfterTest annotated failedscrenshot.
For more information on native dependency injection please refer to http://testng.org/doc/documentation-main.html#native-dependency-injection]]>
            </message>
            <full-stacktrace>
              <![CDATA[org.testng.TestNGException: 
Can inject only one of <ITestContext, XmlTest> into a @AfterTest annotated failedscrenshot.
For more information on native dependency injection please refer to http://testng.org/doc/documentation-main.html#native-dependency-injection
at org.testng.internal.Parameters.checkParameterTypes(Parameters.java:407)
at org.testng.internal.Parameters.createParametersForMethod(Parameters.java:356)
at org.testng.internal.Parameters.createParameters(Parameters.java:635)
at org.testng.internal.Parameters.createConfigurationParameters(Parameters.java:190)
at org.testng.internal.Invoker.invokeConfigurations(Invoker.java:209)
at org.testng.internal.Invoker.invokeConfigurations(Invoker.java:142)
at org.testng.TestRunner.afterRun(TestRunner.java:725)
at org.testng.TestRunner.run(TestRunner.java:509)
at org.testng.SuiteRunner.runTest(SuiteRunner.java:455)
at org.testng.SuiteRunner.runSequentially(SuiteRunner.java:450)
at org.testng.SuiteRunner.privateRun(SuiteRunner.java:415)
at org.testng.SuiteRunner.run(SuiteRunner.java:364)
at org.testng.SuiteRunnerWorker.runSuite(SuiteRunnerWorker.java:52)
at org.testng.SuiteRunnerWorker.run(SuiteRunnerWorker.java:84)
at org.testng.TestNG.runSuitesSequentially(TestNG.java:1208)
at org.testng.TestNG.runSuitesLocally(TestNG.java:1137)
at org.testng.TestNG.runSuites(TestNG.java:1049)
at org.testng.TestNG.run(TestNG.java:1017)
at org.apache.maven.surefire.testng.TestNGExecutor.run(TestNGExecutor.java:293)
at org.apache.maven.surefire.testng.TestNGXmlTestSuite.execute(TestNGXmlTestSuite.java:84)
at org.apache.maven.surefire.testng.TestNGProvider.invoke(TestNGProvider.java:91)
at org.apache.maven.surefire.booter.ForkedBooter.invokeProviderInSameClassLoader(ForkedBooter.java:200)
at org.apache.maven.surefire.booter.ForkedBooter.runSuitesInProcess(ForkedBooter.java:153)
at org.apache.maven.surefire.booter.ForkedBooter.main(ForkedBooter.java:103)
]]>
            </full-stacktrace>
          </exception> <!-- org.testng.TestNGException -->
          <reporter-output>
          </reporter-output>
        </test-method> <!-- failedscrenshot -->
      </class> <!-- testcase_After_account_added.Social_after_added_Accounts -->
    </test> <!-- SocialUsermode -->
  </suite> <!-- SocialUsermode -->
</testng-results>
