<?xml version="1.0" encoding="UTF-8"?>
<testsuite name="TestSuite" time="922.821" tests="10" errors="0" skipped="0" failures="1">
  <properties>
[...]
</properties>
  <testcase name="logintosynctag" classname="testcase_After_account_added.Social_after_added_Accounts" time="28.764"/>
  <testcase name="homefeeds" classname="testcase_After_account_added.Social_after_added_Accounts" time="306.024"/>
  <testcase name="friendsandfollowers" classname="testcase_After_account_added.Social_after_added_Accounts" time="81.478"/>
  <testcase name="timeline" classname="testcase_After_account_added.Social_after_added_Accounts" time="259.872"/>
  <testcase name="queue" classname="testcase_After_account_added.Social_after_added_Accounts" time="88.182"/>
  <testcase name="mailbox" classname="testcase_After_account_added.Social_after_added_Accounts" time="10.444"/>
  <testcase name="mentions" classname="testcase_After_account_added.Social_after_added_Accounts" time="48.062"/>
  <testcase name="xlporer" classname="testcase_After_account_added.Social_after_added_Accounts" time="20.73"/>
  <testcase name="archive" classname="testcase_After_account_added.Social_after_added_Accounts" time="38.528"/>
  <testcase name="failedscrenshot" classname="testcase_After_account_added.Social_after_added_Accounts" time="40.737">
    <failure message="&#10;Can inject only one of &lt;ITestContext, XmlTest&gt; into a @AfterTest annotated failedscrenshot.&#10;For more information on native dependency injection please refer to http://testng.org/doc/documentation-main.html#native-dependency-injection" type="org.testng.TestNGException"><![CDATA[org.testng.TestNGException: 
Can inject only one of <ITestContext, XmlTest> into a @AfterTest annotated failedscrenshot.
For more information on native dependency injection please refer to http://testng.org/doc/documentation-main.html#native-dependency-injection
	at org.testng.internal.Parameters.checkParameterTypes(Parameters.java:407)
	at org.testng.internal.Parameters.createParametersForMethod(Parameters.java:356)
	at org.testng.internal.Parameters.createParameters(Parameters.java:635)
	at org.testng.internal.Parameters.createConfigurationParameters(Parameters.java:190)
	at org.testng.internal.Invoker.invokeConfigurations(Invoker.java:209)
	at org.testng.internal.Invoker.invokeConfigurations(Invoker.java:142)
	at org.testng.TestRunner.afterRun(TestRunner.java:725)
	at org.testng.TestRunner.run(TestRunner.java:509)
	at org.testng.SuiteRunner.runTest(SuiteRunner.java:455)
	at org.testng.SuiteRunner.runSequentially(SuiteRunner.java:450)
	at org.testng.SuiteRunner.privateRun(SuiteRunner.java:415)
	at org.testng.SuiteRunner.run(SuiteRunner.java:364)
	at org.testng.SuiteRunnerWorker.runSuite(SuiteRunnerWorker.java:52)
	at org.testng.SuiteRunnerWorker.run(SuiteRunnerWorker.java:84)
	at org.testng.TestNG.runSuitesSequentially(TestNG.java:1208)
	at org.testng.TestNG.runSuitesLocally(TestNG.java:1137)
	at org.testng.TestNG.runSuites(TestNG.java:1049)
	at org.testng.TestNG.run(TestNG.java:1017)
	at org.apache.maven.surefire.testng.TestNGExecutor.run(TestNGExecutor.java:293)
	at org.apache.maven.surefire.testng.TestNGXmlTestSuite.execute(TestNGXmlTestSuite.java:84)
	at org.apache.maven.surefire.testng.TestNGProvider.invoke(TestNGProvider.java:91)
	at org.apache.maven.surefire.booter.ForkedBooter.invokeProviderInSameClassLoader(ForkedBooter.java:200)
	at org.apache.maven.surefire.booter.ForkedBooter.runSuitesInProcess(ForkedBooter.java:153)
	at org.apache.maven.surefire.booter.ForkedBooter.main(ForkedBooter.java:103)
]]></failure>
  </testcase>
</testsuite>